Started at Fri Jun 19 03:37:25 GMT 2026 (polyml-5.9.2_x86_64_32-linux on pop-os)
ISABELLE_TOOL_JAVA_OPTIONS="-Djava.awt.headless=true -Xms512m -Xmx4g -Xss16m"
ISABELLE_BUILD_OPTIONS=""

ML_PLATFORM="x86_64_32-linux"
ML_HOME="/home/allans/Isabelle2025-2/contrib/polyml-5.9.2-2/x86_64_32-linux"
ML_SYSTEM="polyml-5.9.2"
ML_OPTIONS="--minheap 500"

Session Pure/Pure
Session Misc/Tools
Session HOL/HOL (main)
Session Unsorted/ProvableOpt
Cleaned ProvableOpt
Running ProvableOpt ...
ProvableOpt: theory ProvableOpt.ProvableOpt_Common
ProvableOpt: theory ProvableOpt.ProvableOpt_Margin
ProvableOpt: theory ProvableOpt.ProvableOpt
ProvableOpt: theory ProvableOpt.ProvableOpt_Margin_Surface
ProvableOpt: theory ProvableOpt.ProvableOpt_Surface
ProvableOpt: theory ProvableOpt.ProvableOpt_Common 100% (0.270s cumulated time)
ProvableOpt: theory ProvableOpt.ProvableOpt 100% (0.381s cumulated time)
ProvableOpt: theory ProvableOpt.ProvableOpt_Margin 100% (0.341s cumulated time)
ProvableOpt: theory ProvableOpt.ProvableOpt_Surface 100% (0.040s cumulated time)
ProvableOpt: theory ProvableOpt.ProvableOpt_Margin_Surface 100% (0.058s cumulated time)
Timing ProvableOpt (8 threads, 0.609s elapsed time, 1.524s cpu time, 0.064s GC time, factor 2.50)
Finished ProvableOpt (0:00:01 elapsed time)

Finished at Fri Jun 19 03:37:29 GMT 2026
0:00:03 elapsed time
